<?xml version="1.0" encoding="UTF-8"?>
<!-- Generated by org.testng.reporters.JUnitReportReporter -->
<testsuite hostname="DESKTOP-96NUCQ1" failures="0" tests="1" name="tests.GETandPostExamples" time="4.605" errors="0" timestamp="2021-03-31T19:28:29 IST" skipped="0">
  <testcase classname="tests.GETandPostExamples" name="POST" time="4.605"/>
  <system-out/>
</testsuite> <!-- tests.GETandPostExamples -->
