<?xml version="1.0" encoding="UTF-8"?>
<!-- Generated by org.testng.reporters.JUnitReportReporter -->
<testsuite hostname="DESKTOP-96NUCQ1" failures="0" tests="1" name="tests.JSONSchemaValidation" time="6.249" errors="0" timestamp="2021-04-01T14:44:07 IST" skipped="0">
  <testcase classname="tests.JSONSchemaValidation" name="GET" time="6.249"/>
  <system-out/>
</testsuite> <!-- tests.JSONSchemaValidation -->
