<?xml version="1.0" encoding="UTF-8"?>
<!-- Generated by org.testng.reporters.JUnitReportReporter -->
<testsuite hostname="DESKTOP-96NUCQ1" failures="0" tests="2" name="tests.TestExamples" time="5.408" errors="0" timestamp="2021-03-31T15:31:15 IST" skipped="0">
  <testcase classname="tests.TestExamples" name="test1" time="3.707"/>
  <system-out/>
  <testcase classname="tests.TestExamples" name="test2" time="1.701"/>
  <system-out/>
</testsuite> <!-- tests.TestExamples -->
