<?xml version="1.0" encoding="UTF-8"?>
<!-- Generated by org.testng.reporters.JUnitReportReporter -->
<testsuite hostname="DESKTOP-96NUCQ1" failures="0" tests="1" name="tests.SOAPXMLRequest" time="6.130" errors="0" timestamp="2021-04-02T17:05:49 IST" skipped="0">
  <testcase classname="tests.SOAPXMLRequest" name="validateSoapXML" time="6.130"/>
  <system-out/>
</testsuite> <!-- tests.SOAPXMLRequest -->
