<?xml version="1.0" encoding="UTF-8"?>
<!-- Generated by org.testng.reporters.JUnitReportReporter -->
<testsuite hostname="DESKTOP-96NUCQ1" failures="0" tests="1" name="tests.XMLSchemaValidation" time="5.836" errors="0" timestamp="2021-04-02T17:21:48 IST" skipped="0">
  <testcase classname="tests.XMLSchemaValidation" name="schemaValidation" time="5.836"/>
  <system-out/>
</testsuite> <!-- tests.XMLSchemaValidation -->
