<?xml version="1.0" encoding="UTF-8"?>
<!-- Generated by org.testng.reporters.JUnitReportReporter -->
<testsuite hostname="DESKTOP-96NUCQ1" failures="0" tests="1" name="tests.PUTPatchDeleteExamples" time="4.773" errors="0" timestamp="2021-04-01T07:57:28 IST" skipped="0">
  <testcase classname="tests.PUTPatchDeleteExamples" name="testDelete" time="4.773"/>
  <system-out/>
</testsuite> <!-- tests.PUTPatchDeleteExamples -->
